<?xml version="1.0" encoding="UTF-8"?>
<testsuite name="MainKtTest" tests="1" skipped="0" failures="0" errors="0" timestamp="2022-05-18T19:08:31" hostname="LAPTOP-U9LUA332" time="0.129">
  <properties/>
  <testcase name="testBaseDatos()" classname="MainKtTest" time="0.129"/>
  <system-out><![CDATA[]]></system-out>
  <system-err><![CDATA[]]></system-err>
</testsuite>
